<?xml version="1.0" encoding="UTF-8"?>
<!-- Generated by org.testng.reporters.JUnitReportReporter -->
<testsuite hostname="win764bit" name="persistent.MavenFirstPrj.NewTest" tests="2" failures="0" timestamp="5 Aug 2014 20:53:10 GMT" time="1.552" errors="0">
  <testcase name="secondMethod" time="0.125" classname="persistent.MavenFirstPrj.NewTest"/>
  <testcase name="f" time="1.427" classname="persistent.MavenFirstPrj.NewTest"/>
</testsuite> <!-- persistent.MavenFirstPrj.NewTest -->
