<?xml version="1.0" encoding="UTF-8"?>
<!-- Generated by org.testng.reporters.JUnitReportReporter -->
<testsuite hostname="win764bit" name="persistent.MavenFirstPrj.SecondTestNGClass" tests="3" failures="0" timestamp="5 Aug 2014 17:18:20 GMT" time="0.003" errors="0">
  <testcase name="second" time="0.001" classname="persistent.MavenFirstPrj.SecondTestNGClass"/>
  <testcase name="f" time="0.001" classname="persistent.MavenFirstPrj.SecondTestNGClass"/>
  <testcase name="second" time="0.001" classname="persistent.MavenFirstPrj.SecondTestNGClass"/>
</testsuite> <!-- persistent.MavenFirstPrj.SecondTestNGClass -->
