<?xml version="1.0" encoding="UTF-8"?>
<!-- Generated by org.testng.reporters.JUnitReportReporter -->
<testsuite hostname="win764bit" name="persistent.MavenFirstPrj.DatadrivenClass" tests="1" failures="0" timestamp="5 Aug 2014 00:19:54 GMT" time="1.958" errors="0">
  <testcase name="excelDriven" time="1.958" classname="persistent.MavenFirstPrj.DatadrivenClass"/>
</testsuite> <!-- persistent.MavenFirstPrj.DatadrivenClass -->
