<?xml version="1.0" encoding="UTF-8"?>
<!-- Generated by org.testng.reporters.JUnitReportReporter -->
<testsuite hostname="win764bit" name="persistent.MavenFirstPrj.NewTest" tests="2" failures="0" timestamp="5 Aug 2014 17:22:48 GMT" time="0.004" errors="0">
  <testcase name="secondMethod" time="0.002" classname="persistent.MavenFirstPrj.NewTest"/>
  <testcase name="f" time="0.002" classname="persistent.MavenFirstPrj.NewTest"/>
</testsuite> <!-- persistent.MavenFirstPrj.NewTest -->
